This file contains any messages produced by compilers while
running configure, to aid debugging if configure makes a mistake.

It was created by LHAPDF configure 6.2.1, which was
generated by GNU Autoconf 2.69.  Invocation command line was

  $ ./configure --no-create --no-recursion

## --------- ##
## Platform. ##
## --------- ##

hostname = Rath-PC
uname -m = x86_64
uname -r = 4.13.0-38-generic
uname -s = Linux
uname -v = #43~16.04.1-Ubuntu SMP Wed Mar 14 17:48:43 UTC 2018

/usr/bin/uname -p = unknown
/bin/uname -X     = unknown

/bin/arch              = unknown
/usr/bin/arch -k       = unknown
/usr/convex/getsysinfo = unknown
/usr/bin/hostinfo      = unknown
/bin/machine           = unknown
/usr/bin/oslevel       = unknown
/bin/universe          = unknown

PATH: /home/andrew/bin
PATH: /home/andrew/.local/bin
PATH: /usr/local/sbin
PATH: /usr/local/bin
PATH: /usr/sbin
PATH: /usr/bin
PATH: /sbin
PATH: /bin
PATH: /usr/games
PATH: /usr/local/games
PATH: /snap/bin


## ----------- ##
## Core tests. ##
## ----------- ##

configure:2420: checking for a BSD-compatible install
configure:2488: result: /usr/bin/install -c
configure:2499: checking whether build environment is sane
configure:2554: result: yes
configure:2705: checking for a thread-safe mkdir -p
configure:2744: result: /bin/mkdir -p
configure:2751: checking for gawk
configure:2781: result: no
configure:2751: checking for mawk
configure:2767: found /usr/bin/mawk
configure:2778: result: mawk
configure:2789: checking whether make sets $(MAKE)
configure:2811: result: yes
configure:2840: checking whether make supports nested variables
configure:2857: result: yes
configure:2994: checking whether make supports nested variables
configure:3011: result: yes
configure:3085: checking for sw_vers
configure:3115: result: no
configure:3229: checking for g++
configure:3245: found /usr/bin/g++
configure:3256: result: g++
configure:3283: checking for C++ compiler version
configure:3292: g++ --version >&5
g++ (Ubuntu 5.4.0-6ubuntu1~16.04.9) 5.4.0 20160609
Copyright (C) 2015 Free Software Foundation, Inc.
This is free software; see the source for copying conditions.  There is NO
warranty; not even for MERCHANTABILITY or FITNESS FOR A PARTICULAR PURPOSE.

configure:3303: $? = 0
configure:3292: g++ -v >&5
Using built-in specs.
COLLECT_GCC=g++
COLLECT_LTO_WRAPPER=/usr/lib/gcc/x86_64-linux-gnu/5/lto-wrapper
Target: x86_64-linux-gnu
Configured with: ../src/configure -v --with-pkgversion='Ubuntu 5.4.0-6ubuntu1~16.04.9' --with-bugurl=file:///usr/share/doc/gcc-5/README.Bugs --enable-languages=c,ada,c++,java,go,d,fortran,objc,obj-c++ --prefix=/usr --program-suffix=-5 --enable-shared --enable-linker-build-id --libexecdir=/usr/lib --without-included-gettext --enable-threads=posix --libdir=/usr/lib --enable-nls --with-sysroot=/ --enable-clocale=gnu --enable-libstdcxx-debug --enable-libstdcxx-time=yes --with-default-libstdcxx-abi=new --enable-gnu-unique-object --disable-vtable-verify --enable-libmpx --enable-plugin --with-system-zlib --disable-browser-plugin --enable-java-awt=gtk --enable-gtk-cairo --with-java-home=/usr/lib/jvm/java-1.5.0-gcj-5-amd64/jre --enable-java-home --with-jvm-root-dir=/usr/lib/jvm/java-1.5.0-gcj-5-amd64 --with-jvm-jar-dir=/usr/lib/jvm-exports/java-1.5.0-gcj-5-amd64 --with-arch-directory=amd64 --with-ecj-jar=/usr/share/java/eclipse-ecj.jar --enable-objc-gc --enable-multiarch --disable-werror --with-arch-32=i686 --with-abi=m64 --with-multilib-list=m32,m64,mx32 --enable-multilib --with-tune=generic --enable-checking=release --build=x86_64-linux-gnu --host=x86_64-linux-gnu --target=x86_64-linux-gnu
Thread model: posix
gcc version 5.4.0 20160609 (Ubuntu 5.4.0-6ubuntu1~16.04.9) 
configure:3303: $? = 0
configure:3292: g++ -V >&5
g++: error: unrecognized command line option '-V'
g++: fatal error: no input files
compilation terminated.
configure:3303: $? = 1
configure:3292: g++ -qversion >&5
g++: error: unrecognized command line option '-qversion'
g++: fatal error: no input files
compilation terminated.
configure:3303: $? = 1
configure:3323: checking whether the C++ compiler works
configure:3345: g++ -O3   conftest.cpp  >&5
configure:3349: $? = 0
configure:3397: result: yes
configure:3400: checking for C++ compiler default output file name
configure:3402: result: a.out
configure:3408: checking for suffix of executables
configure:3415: g++ -o conftest -O3   conftest.cpp  >&5
configure:3419: $? = 0
configure:3441: result: 
configure:3463: checking whether we are cross compiling
configure:3471: g++ -o conftest -O3   conftest.cpp  >&5
configure:3475: $? = 0
configure:3482: ./conftest
configure:3486: $? = 0
configure:3501: result: no
configure:3506: checking for suffix of object files
configure:3528: g++ -c -O3  conftest.cpp >&5
configure:3532: $? = 0
configure:3553: result: o
configure:3557: checking whether we are using the GNU C++ compiler
configure:3576: g++ -c -O3  conftest.cpp >&5
configure:3576: $? = 0
configure:3585: result: yes
configure:3594: checking whether g++ accepts -g
configure:3614: g++ -c -g  conftest.cpp >&5
configure:3614: $? = 0
configure:3655: result: yes
configure:3689: checking for style of include used by make
configure:3717: result: GNU
configure:3743: checking dependency style of g++
configure:3854: result: gcc3
configure:3877: checking whether g++ supports C++11 features by default
configure:4171: g++ -c -O3  conftest.cpp >&5
conftest.cpp:24:2: error: #error "This is not a C++11 compiler"
 #error "This is not a C++11 compiler"
  ^
configure:4171: $? = 1
configure: failed program was:
| /* confdefs.h */
| #define PACKAGE_NAME "LHAPDF"
| #define PACKAGE_TARNAME "LHAPDF"
| #define PACKAGE_VERSION "6.2.1"
| #define PACKAGE_STRING "LHAPDF 6.2.1"
| #define PACKAGE_BUGREPORT "lhapdf@projects.hepforge.org"
| #define PACKAGE_URL ""
| #define PACKAGE "LHAPDF"
| #define VERSION "6.2.1"
| #define LHAPDF_VERSION "6.2.1"
| #define LHAPDF_VERSION_CODE 60201
| /* end confdefs.h.  */
| 
| 
| // If the compiler admits that it is not ready for C++11, why torture it?
| // Hopefully, this will speed up the test.
| 
| #ifndef __cplusplus
| 
| #error "This is not a C++ compiler"
| 
| #elif __cplusplus < 201103L
| 
| #error "This is not a C++11 compiler"
| 
| #else
| 
| namespace cxx11
| {
| 
|   namespace test_static_assert
|   {
| 
|     template <typename T>
|     struct check
|     {
|       static_assert(sizeof(int) <= sizeof(T), "not big enough");
|     };
| 
|   }
| 
|   namespace test_final_override
|   {
| 
|     struct Base
|     {
|       virtual void f() {}
|     };
| 
|     struct Derived : public Base
|     {
|       virtual void f() override {}
|     };
| 
|   }
| 
|   namespace test_double_right_angle_brackets
|   {
| 
|     template < typename T >
|     struct check {};
| 
|     typedef check<void> single_type;
|     typedef check<check<void>> double_type;
|     typedef check<check<check<void>>> triple_type;
|     typedef check<check<check<check<void>>>> quadruple_type;
| 
|   }
| 
|   namespace test_decltype
|   {
| 
|     int
|     f()
|     {
|       int a = 1;
|       decltype(a) b = 2;
|       return a + b;
|     }
| 
|   }
| 
|   namespace test_type_deduction
|   {
| 
|     template < typename T1, typename T2 >
|     struct is_same
|     {
|       static const bool value = false;
|     };
| 
|     template < typename T >
|     struct is_same<T, T>
|     {
|       static const bool value = true;
|     };
| 
|     template < typename T1, typename T2 >
|     auto
|     add(T1 a1, T2 a2) -> decltype(a1 + a2)
|     {
|       return a1 + a2;
|     }
| 
|     int
|     test(const int c, volatile int v)
|     {
|       static_assert(is_same<int, decltype(0)>::value == true, "");
|       static_assert(is_same<int, decltype(c)>::value == false, "");
|       static_assert(is_same<int, decltype(v)>::value == false, "");
|       auto ac = c;
|       auto av = v;
|       auto sumi = ac + av + 'x';
|       auto sumf = ac + av + 1.0;
|       static_assert(is_same<int, decltype(ac)>::value == true, "");
|       static_assert(is_same<int, decltype(av)>::value == true, "");
|       static_assert(is_same<int, decltype(sumi)>::value == true, "");
|       static_assert(is_same<int, decltype(sumf)>::value == false, "");
|       static_assert(is_same<int, decltype(add(c, v))>::value == true, "");
|       return (sumf > 0.0) ? sumi : add(c, v);
|     }
| 
|   }
| 
|   namespace test_noexcept
|   {
| 
|     int f() { return 0; }
|     int g() noexcept { return 0; }
| 
|     static_assert(noexcept(f()) == false, "");
|     static_assert(noexcept(g()) == true, "");
| 
|   }
| 
|   namespace test_constexpr
|   {
| 
|     template < typename CharT >
|     unsigned long constexpr
|     strlen_c_r(const CharT *const s, const unsigned long acc) noexcept
|     {
|       return *s ? strlen_c_r(s + 1, acc + 1) : acc;
|     }
| 
|     template < typename CharT >
|     unsigned long constexpr
|     strlen_c(const CharT *const s) noexcept
|     {
|       return strlen_c_r(s, 0UL);
|     }
| 
|     static_assert(strlen_c("") == 0UL, "");
|     static_assert(strlen_c("1") == 1UL, "");
|     static_assert(strlen_c("example") == 7UL, "");
|     static_assert(strlen_c("another\0example") == 7UL, "");
| 
|   }
| 
|   namespace test_rvalue_references
|   {
| 
|     template < int N >
|     struct answer
|     {
|       static constexpr int value = N;
|     };
| 
|     answer<1> f(int&)       { return answer<1>(); }
|     answer<2> f(const int&) { return answer<2>(); }
|     answer<3> f(int&&)      { return answer<3>(); }
| 
|     void
|     test()
|     {
|       int i = 0;
|       const int c = 0;
|       static_assert(decltype(f(i))::value == 1, "");
|       static_assert(decltype(f(c))::value == 2, "");
|       static_assert(decltype(f(0))::value == 3, "");
|     }
| 
|   }
| 
|   namespace test_uniform_initialization
|   {
| 
|     struct test
|     {
|       static const int zero {};
|       static const int one {1};
|     };
| 
|     static_assert(test::zero == 0, "");
|     static_assert(test::one == 1, "");
| 
|   }
| 
|   namespace test_lambdas
|   {
| 
|     void
|     test1()
|     {
|       auto lambda1 = [](){};
|       auto lambda2 = lambda1;
|       lambda1();
|       lambda2();
|     }
| 
|     int
|     test2()
|     {
|       auto a = [](int i, int j){ return i + j; }(1, 2);
|       auto b = []() -> int { return '0'; }();
|       auto c = [=](){ return a + b; }();
|       auto d = [&](){ return c; }();
|       auto e = [a, &b](int x) mutable {
|         const auto identity = [](int y){ return y; };
|         for (auto i = 0; i < a; ++i)
|           a += b--;
|         return x + identity(a + b);
|       }(0);
|       return a + b + c + d + e;
|     }
| 
|     int
|     test3()
|     {
|       const auto nullary = [](){ return 0; };
|       const auto unary = [](int x){ return x; };
|       using nullary_t = decltype(nullary);
|       using unary_t = decltype(unary);
|       const auto higher1st = [](nullary_t f){ return f(); };
|       const auto higher2nd = [unary](nullary_t f1){
|         return [unary, f1](unary_t f2){ return f2(unary(f1())); };
|       };
|       return higher1st(nullary) + higher2nd(nullary)(unary);
|     }
| 
|   }
| 
|   namespace test_variadic_templates
|   {
| 
|     template <int...>
|     struct sum;
| 
|     template <int N0, int... N1toN>
|     struct sum<N0, N1toN...>
|     {
|       static constexpr auto value = N0 + sum<N1toN...>::value;
|     };
| 
|     template <>
|     struct sum<>
|     {
|       static constexpr auto value = 0;
|     };
| 
|     static_assert(sum<>::value == 0, "");
|     static_assert(sum<1>::value == 1, "");
|     static_assert(sum<23>::value == 23, "");
|     static_assert(sum<1, 2>::value == 3, "");
|     static_assert(sum<5, 5, 11>::value == 21, "");
|     static_assert(sum<2, 3, 5, 7, 11, 13>::value == 41, "");
| 
|   }
| 
|   // http://stackoverflow.com/questions/13728184/template-aliases-and-sfinae
|   // Clang 3.1 fails with headers of libstd++ 4.8.3 when using std::function
|   // because of this.
|   namespace test_template_alias_sfinae
|   {
| 
|     struct foo {};
| 
|     template<typename T>
|     using member = typename T::member_type;
| 
|     template<typename T>
|     void func(...) {}
| 
|     template<typename T>
|     void func(member<T>*) {}
| 
|     void test();
| 
|     void test() { func<foo>(0); }
| 
|   }
| 
| }  // namespace cxx11
| 
| #endif  // __cplusplus >= 201103L
| 
| 
| 
configure:4178: result: no
configure:4189: checking whether g++ supports C++11 features with -std=c++11
configure:4485: g++ -std=c++11 -c -O3  conftest.cpp >&5
configure:4485: $? = 0
configure:4494: result: yes
configure:4584: checking for gcc
configure:4600: found /usr/bin/gcc
configure:4611: result: gcc
configure:4840: checking for C compiler version
configure:4849: gcc --version >&5
gcc (Ubuntu 5.4.0-6ubuntu1~16.04.9) 5.4.0 20160609
Copyright (C) 2015 Free Software Foundation, Inc.
This is free software; see the source for copying conditions.  There is NO
warranty; not even for MERCHANTABILITY or FITNESS FOR A PARTICULAR PURPOSE.

configure:4860: $? = 0
configure:4849: gcc -v >&5
Using built-in specs.
COLLECT_GCC=gcc
COLLECT_LTO_WRAPPER=/usr/lib/gcc/x86_64-linux-gnu/5/lto-wrapper
Target: x86_64-linux-gnu
Configured with: ../src/configure -v --with-pkgversion='Ubuntu 5.4.0-6ubuntu1~16.04.9' --with-bugurl=file:///usr/share/doc/gcc-5/README.Bugs --enable-languages=c,ada,c++,java,go,d,fortran,objc,obj-c++ --prefix=/usr --program-suffix=-5 --enable-shared --enable-linker-build-id --libexecdir=/usr/lib --without-included-gettext --enable-threads=posix --libdir=/usr/lib --enable-nls --with-sysroot=/ --enable-clocale=gnu --enable-libstdcxx-debug --enable-libstdcxx-time=yes --with-default-libstdcxx-abi=new --enable-gnu-unique-object --disable-vtable-verify --enable-libmpx --enable-plugin --with-system-zlib --disable-browser-plugin --enable-java-awt=gtk --enable-gtk-cairo --with-java-home=/usr/lib/jvm/java-1.5.0-gcj-5-amd64/jre --enable-java-home --with-jvm-root-dir=/usr/lib/jvm/java-1.5.0-gcj-5-amd64 --with-jvm-jar-dir=/usr/lib/jvm-exports/java-1.5.0-gcj-5-amd64 --with-arch-directory=amd64 --with-ecj-jar=/usr/share/java/eclipse-ecj.jar --enable-objc-gc --enable-multiarch --disable-werror --with-arch-32=i686 --with-abi=m64 --with-multilib-list=m32,m64,mx32 --enable-multilib --with-tune=generic --enable-checking=release --build=x86_64-linux-gnu --host=x86_64-linux-gnu --target=x86_64-linux-gnu
Thread model: posix
gcc version 5.4.0 20160609 (Ubuntu 5.4.0-6ubuntu1~16.04.9) 
configure:4860: $? = 0
configure:4849: gcc -V >&5
gcc: error: unrecognized command line option '-V'
gcc: fatal error: no input files
compilation terminated.
configure:4860: $? = 1
configure:4849: gcc -qversion >&5
gcc: error: unrecognized command line option '-qversion'
gcc: fatal error: no input files
compilation terminated.
configure:4860: $? = 1
configure:4864: checking whether we are using the GNU C compiler
configure:4883: gcc -c   conftest.c >&5
configure:4883: $? = 0
configure:4892: result: yes
configure:4901: checking whether gcc accepts -g
configure:4921: gcc -c -g  conftest.c >&5
configure:4921: $? = 0
configure:4962: result: yes
configure:4979: checking for gcc option to accept ISO C89
configure:5042: gcc  -c -g -O2  conftest.c >&5
configure:5042: $? = 0
configure:5055: result: none needed
configure:5080: checking whether gcc understands -c and -o together
configure:5102: gcc -c conftest.c -o conftest2.o
configure:5105: $? = 0
configure:5102: gcc -c conftest.c -o conftest2.o
configure:5105: $? = 0
configure:5117: result: yes
configure:5136: checking dependency style of gcc
configure:5247: result: gcc3
configure:5263: checking whether ln -s works
configure:5267: result: yes
configure:5303: checking build system type
configure:5317: result: x86_64-unknown-linux-gnu
configure:5337: checking host system type
configure:5350: result: x86_64-unknown-linux-gnu
configure:5391: checking how to print strings
configure:5418: result: printf
configure:5439: checking for a sed that does not truncate output
configure:5503: result: /bin/sed
configure:5521: checking for grep that handles long lines and -e
configure:5579: result: /bin/grep
configure:5584: checking for egrep
configure:5646: result: /bin/grep -E
configure:5651: checking for fgrep
configure:5713: result: /bin/grep -F
configure:5748: checking for ld used by gcc
configure:5815: result: /usr/bin/ld
configure:5822: checking if the linker (/usr/bin/ld) is GNU ld
configure:5837: result: yes
configure:5849: checking for BSD- or MS-compatible name lister (nm)
configure:5903: result: /usr/bin/nm -B
configure:6033: checking the name lister (/usr/bin/nm -B) interface
configure:6040: g++ -std=c++11 -c -O3  conftest.cpp >&5
configure:6043: /usr/bin/nm -B "conftest.o"
configure:6046: output
0000000000000000 B some_variable
configure:6053: result: BSD nm
configure:6057: checking the maximum length of command line arguments
configure:6188: result: 1572864
configure:6236: checking how to convert x86_64-unknown-linux-gnu file names to x86_64-unknown-linux-gnu format
configure:6276: result: func_convert_file_noop
configure:6283: checking how to convert x86_64-unknown-linux-gnu file names to toolchain format
configure:6303: result: func_convert_file_noop
configure:6310: checking for /usr/bin/ld option to reload object files
configure:6317: result: -r
configure:6391: checking for objdump
configure:6407: found /usr/bin/objdump
configure:6418: result: objdump
configure:6450: checking how to recognize dependent libraries
configure:6650: result: pass_all
configure:6735: checking for dlltool
configure:6765: result: no
configure:6795: checking how to associate runtime and link libraries
configure:6822: result: printf %s\n
configure:6882: checking for ar
configure:6898: found /usr/bin/ar
configure:6909: result: ar
configure:6946: checking for archiver @FILE support
configure:6963: g++ -std=c++11 -c -O3  conftest.cpp >&5
configure:6963: $? = 0
configure:6966: ar cru libconftest.a @conftest.lst >&5
ar: `u' modifier ignored since `D' is the default (see `U')
configure:6969: $? = 0
configure:6974: ar cru libconftest.a @conftest.lst >&5
ar: `u' modifier ignored since `D' is the default (see `U')
ar: conftest.o: No such file or directory
configure:6977: $? = 1
configure:6989: result: @
configure:7047: checking for strip
configure:7063: found /usr/bin/strip
configure:7074: result: strip
configure:7146: checking for ranlib
configure:7162: found /usr/bin/ranlib
configure:7173: result: ranlib
configure:7275: checking command to parse /usr/bin/nm -B output from gcc object
configure:7428: g++ -std=c++11 -c -O3  conftest.cpp >&5
configure:7431: $? = 0
configure:7435: /usr/bin/nm -B conftest.o \| sed -n -e 's/^.*[ ]\([ABCDGIRSTW][ABCDGIRSTW]*\)[ ][ ]*\([_A-Za-z][_A-Za-z0-9]*\)$/\1 \2 \2/p' | sed '/ __gnu_lto/d' \> conftest.nm
configure:7438: $? = 0
configure:7504: g++ -std=c++11 -o conftest -O3   conftest.cpp conftstm.o >&5
configure:7507: $? = 0
configure:7545: result: ok
configure:7592: checking for sysroot
configure:7622: result: no
configure:7629: checking for a working dd
configure:7667: result: /bin/dd
configure:7671: checking how to truncate binary pipes
configure:7686: result: /bin/dd bs=4096 count=1
configure:7823: g++ -std=c++11 -c -O3  conftest.cpp >&5
configure:7826: $? = 0
configure:8016: checking for mt
configure:8032: found /bin/mt
configure:8043: result: mt
configure:8066: checking if mt is a manifest tool
configure:8072: mt '-?'
configure:8080: result: no
configure:8757: checking how to run the C preprocessor
configure:8788: gcc -E  conftest.c
configure:8788: $? = 0
configure:8802: gcc -E  conftest.c
conftest.c:14:28: fatal error: ac_nonexistent.h: No such file or directory
compilation terminated.
configure:8802: $? = 1
configure: failed program was:
| /* confdefs.h */
| #define PACKAGE_NAME "LHAPDF"
| #define PACKAGE_TARNAME "LHAPDF"
| #define PACKAGE_VERSION "6.2.1"
| #define PACKAGE_STRING "LHAPDF 6.2.1"
| #define PACKAGE_BUGREPORT "lhapdf@projects.hepforge.org"
| #define PACKAGE_URL ""
| #define PACKAGE "LHAPDF"
| #define VERSION "6.2.1"
| #define LHAPDF_VERSION "6.2.1"
| #define LHAPDF_VERSION_CODE 60201
| #define HAVE_CXX11 1
| /* end confdefs.h.  */
| #include <ac_nonexistent.h>
configure:8827: result: gcc -E
configure:8847: gcc -E  conftest.c
configure:8847: $? = 0
configure:8861: gcc -E  conftest.c
conftest.c:14:28: fatal error: ac_nonexistent.h: No such file or directory
compilation terminated.
configure:8861: $? = 1
configure: failed program was:
| /* confdefs.h */
| #define PACKAGE_NAME "LHAPDF"
| #define PACKAGE_TARNAME "LHAPDF"
| #define PACKAGE_VERSION "6.2.1"
| #define PACKAGE_STRING "LHAPDF 6.2.1"
| #define PACKAGE_BUGREPORT "lhapdf@projects.hepforge.org"
| #define PACKAGE_URL ""
| #define PACKAGE "LHAPDF"
| #define VERSION "6.2.1"
| #define LHAPDF_VERSION "6.2.1"
| #define LHAPDF_VERSION_CODE 60201
| #define HAVE_CXX11 1
| /* end confdefs.h.  */
| #include <ac_nonexistent.h>
configure:8890: checking for ANSI C header files
configure:8910: gcc -c -g -O2  conftest.c >&5
configure:8910: $? = 0
configure:8983: gcc -o conftest -g -O2   conftest.c  >&5
configure:8983: $? = 0
configure:8983: ./conftest
configure:8983: $? = 0
configure:8994: result: yes
configure:9007: checking for sys/types.h
configure:9007: gcc -c -g -O2  conftest.c >&5
configure:9007: $? = 0
configure:9007: result: yes
configure:9007: checking for sys/stat.h
configure:9007: gcc -c -g -O2  conftest.c >&5
configure:9007: $? = 0
configure:9007: result: yes
configure:9007: checking for stdlib.h
configure:9007: gcc -c -g -O2  conftest.c >&5
configure:9007: $? = 0
configure:9007: result: yes
configure:9007: checking for string.h
configure:9007: gcc -c -g -O2  conftest.c >&5
configure:9007: $? = 0
configure:9007: result: yes
configure:9007: checking for memory.h
configure:9007: gcc -c -g -O2  conftest.c >&5
configure:9007: $? = 0
configure:9007: result: yes
configure:9007: checking for strings.h
configure:9007: gcc -c -g -O2  conftest.c >&5
configure:9007: $? = 0
configure:9007: result: yes
configure:9007: checking for inttypes.h
configure:9007: gcc -c -g -O2  conftest.c >&5
configure:9007: $? = 0
configure:9007: result: yes
configure:9007: checking for stdint.h
configure:9007: gcc -c -g -O2  conftest.c >&5
configure:9007: $? = 0
configure:9007: result: yes
configure:9007: checking for unistd.h
configure:9007: gcc -c -g -O2  conftest.c >&5
configure:9007: $? = 0
configure:9007: result: yes
configure:9021: checking for dlfcn.h
configure:9021: gcc -c -g -O2  conftest.c >&5
configure:9021: $? = 0
configure:9021: result: yes
configure:9287: checking for objdir
configure:9302: result: .libs
configure:9566: checking if gcc supports -fno-rtti -fno-exceptions
configure:9584: gcc -c -g -O2  -fno-rtti -fno-exceptions conftest.c >&5
cc1: warning: command line option '-fno-rtti' is valid for C++/ObjC++ but not for C
configure:9588: $? = 0
configure:9601: result: no
configure:9959: checking for gcc option to produce PIC
configure:9966: result: -fPIC -DPIC
configure:9974: checking if gcc PIC flag -fPIC -DPIC works
configure:9992: gcc -c -g -O2  -fPIC -DPIC -DPIC conftest.c >&5
configure:9996: $? = 0
configure:10009: result: yes
configure:10038: checking if gcc static flag -static works
configure:10066: result: yes
configure:10081: checking if gcc supports -c -o file.o
configure:10102: gcc -c -g -O2  -o out/conftest2.o conftest.c >&5
configure:10106: $? = 0
configure:10128: result: yes
configure:10136: checking if gcc supports -c -o file.o
configure:10183: result: yes
configure:10216: checking whether the gcc linker (/usr/bin/ld -m elf_x86_64) supports shared libraries
configure:11479: result: yes
configure:11516: checking whether -lc should be explicitly linked in
configure:11524: gcc -c -g -O2  conftest.c >&5
configure:11527: $? = 0
configure:11542: gcc -shared  -fPIC -DPIC conftest.o  -v -Wl,-soname -Wl,conftest -o conftest 2\>\&1 \| /bin/grep  -lc  \>/dev/null 2\>\&1
configure:11545: $? = 0
configure:11559: result: no
configure:11719: checking dynamic linker characteristics
configure:12300: gcc -o conftest -g -O2   -Wl,-rpath -Wl,/foo conftest.c  >&5
configure:12300: $? = 0
configure:12549: result: GNU/Linux ld.so
configure:12671: checking how to hardcode library paths into programs
configure:12696: result: immediate
configure:13244: checking whether stripping libraries is possible
configure:13249: result: yes
configure:13284: checking if libtool supports shared libraries
configure:13286: result: yes
configure:13289: checking whether to build shared libraries
configure:13314: result: yes
configure:13317: checking whether to build static libraries
configure:13321: result: yes
configure:13344: checking how to run the C++ preprocessor
configure:13371: g++ -std=c++11 -E  conftest.cpp
configure:13371: $? = 0
configure:13385: g++ -std=c++11 -E  conftest.cpp
conftest.cpp:26:28: fatal error: ac_nonexistent.h: No such file or directory
compilation terminated.
configure:13385: $? = 1
configure: failed program was:
| /* confdefs.h */
| #define PACKAGE_NAME "LHAPDF"
| #define PACKAGE_TARNAME "LHAPDF"
| #define PACKAGE_VERSION "6.2.1"
| #define PACKAGE_STRING "LHAPDF 6.2.1"
| #define PACKAGE_BUGREPORT "lhapdf@projects.hepforge.org"
| #define PACKAGE_URL ""
| #define PACKAGE "LHAPDF"
| #define VERSION "6.2.1"
| #define LHAPDF_VERSION "6.2.1"
| #define LHAPDF_VERSION_CODE 60201
| #define HAVE_CXX11 1
| #define STDC_HEADERS 1
| #define HAVE_SYS_TYPES_H 1
| #define HAVE_SYS_STAT_H 1
| #define HAVE_STDLIB_H 1
| #define HAVE_STRING_H 1
| #define HAVE_MEMORY_H 1
| #define HAVE_STRINGS_H 1
| #define HAVE_INTTYPES_H 1
| #define HAVE_STDINT_H 1
| #define HAVE_UNISTD_H 1
| #define HAVE_DLFCN_H 1
| #define LT_OBJDIR ".libs/"
| /* end confdefs.h.  */
| #include <ac_nonexistent.h>
configure:13410: result: g++ -std=c++11 -E
configure:13430: g++ -std=c++11 -E  conftest.cpp
configure:13430: $? = 0
configure:13444: g++ -std=c++11 -E  conftest.cpp
conftest.cpp:26:28: fatal error: ac_nonexistent.h: No such file or directory
compilation terminated.
configure:13444: $? = 1
configure: failed program was:
| /* confdefs.h */
| #define PACKAGE_NAME "LHAPDF"
| #define PACKAGE_TARNAME "LHAPDF"
| #define PACKAGE_VERSION "6.2.1"
| #define PACKAGE_STRING "LHAPDF 6.2.1"
| #define PACKAGE_BUGREPORT "lhapdf@projects.hepforge.org"
| #define PACKAGE_URL ""
| #define PACKAGE "LHAPDF"
| #define VERSION "6.2.1"
| #define LHAPDF_VERSION "6.2.1"
| #define LHAPDF_VERSION_CODE 60201
| #define HAVE_CXX11 1
| #define STDC_HEADERS 1
| #define HAVE_SYS_TYPES_H 1
| #define HAVE_SYS_STAT_H 1
| #define HAVE_STDLIB_H 1
| #define HAVE_STRING_H 1
| #define HAVE_MEMORY_H 1
| #define HAVE_STRINGS_H 1
| #define HAVE_INTTYPES_H 1
| #define HAVE_STDINT_H 1
| #define HAVE_UNISTD_H 1
| #define HAVE_DLFCN_H 1
| #define LT_OBJDIR ".libs/"
| /* end confdefs.h.  */
| #include <ac_nonexistent.h>
configure:13606: checking for ld used by g++ -std=c++11
configure:13673: result: /usr/bin/ld -m elf_x86_64
configure:13680: checking if the linker (/usr/bin/ld -m elf_x86_64) is GNU ld
configure:13695: result: yes
configure:13750: checking whether the g++ -std=c++11 linker (/usr/bin/ld -m elf_x86_64) supports shared libraries
configure:14823: result: yes
configure:14859: g++ -std=c++11 -c -O3  conftest.cpp >&5
configure:14862: $? = 0
configure:15343: checking for g++ -std=c++11 option to produce PIC
configure:15350: result: -fPIC -DPIC
configure:15358: checking if g++ -std=c++11 PIC flag -fPIC -DPIC works
configure:15376: g++ -std=c++11 -c -O3  -fPIC -DPIC -DPIC conftest.cpp >&5
configure:15380: $? = 0
configure:15393: result: yes
configure:15416: checking if g++ -std=c++11 static flag -static works
configure:15444: result: yes
configure:15456: checking if g++ -std=c++11 supports -c -o file.o
configure:15477: g++ -std=c++11 -c -O3  -o out/conftest2.o conftest.cpp >&5
configure:15481: $? = 0
configure:15503: result: yes
configure:15508: checking if g++ -std=c++11 supports -c -o file.o
configure:15555: result: yes
configure:15585: checking whether the g++ -std=c++11 linker (/usr/bin/ld -m elf_x86_64) supports shared libraries
configure:15628: result: yes
configure:15769: checking dynamic linker characteristics
configure:16526: result: GNU/Linux ld.so
configure:16591: checking how to hardcode library paths into programs
configure:16616: result: immediate
configure:16695: Building LHAGLUE Fortran wrappers
configure:16698: Building LHAGLUE C++ wrappers
configure:16741: checking for pdflatex
configure:16774: result: no
configure:16792: checking for doxygen
configure:16825: result: no
configure:16851: checking for python
configure:16869: found /usr/bin/python
configure:16881: result: /usr/bin/python
configure:16958: checking for python version
configure:16965: result: 2.7
configure:16977: checking for python platform
configure:16984: result: linux2
configure:17010: checking for python script directory
configure:17045: result: ${prefix}/lib/python2.7/dist-packages
configure:17054: checking for python extension module directory
configure:17089: result: ${exec_prefix}/lib/python2.7/dist-packages
configure:17105: checking for Cython >= 0.19
Traceback (most recent call last):
  File "<string>", line 1, in <module>
ImportError: No module named Cython.Compiler.Version
configure:17139: result: no
configure:17183: checking if the g++ -std=c++11 compiler accepts the -pedantic flag
configure:17199: result: yes
configure:17222: checking if the g++ -std=c++11 compiler accepts the -Wall flag
configure:17238: result: yes
configure:17261: checking if the g++ -std=c++11 compiler accepts the -Wno-long-long flag
configure:17277: result: yes
configure:17300: checking if the g++ -std=c++11 compiler accepts the -Qunused-arguments flag
configure:17316: result: no
configure:17481: checking that generated files are newer than configure
configure:17487: result: done
configure:17542: creating ./config.status

## ---------------- ##
## Cache variables. ##
## ---------------- ##

ac_cv_build=x86_64-unknown-linux-gnu
ac_cv_c_compiler_gnu=yes
ac_cv_cxx_compiler_gnu=yes
ac_cv_env_CCC_set=
ac_cv_env_CCC_value=
ac_cv_env_CC_set=
ac_cv_env_CC_value=
ac_cv_env_CFLAGS_set=
ac_cv_env_CFLAGS_value=
ac_cv_env_CPPFLAGS_set=
ac_cv_env_CPPFLAGS_value=
ac_cv_env_CPP_set=
ac_cv_env_CPP_value=
ac_cv_env_CXXCPP_set=
ac_cv_env_CXXCPP_value=
ac_cv_env_CXXFLAGS_set=
ac_cv_env_CXXFLAGS_value=
ac_cv_env_CXX_set=
ac_cv_env_CXX_value=
ac_cv_env_LDFLAGS_set=
ac_cv_env_LDFLAGS_value=
ac_cv_env_LIBS_set=
ac_cv_env_LIBS_value=
ac_cv_env_LT_SYS_LIBRARY_PATH_set=
ac_cv_env_LT_SYS_LIBRARY_PATH_value=
ac_cv_env_PYTHON_set=
ac_cv_env_PYTHON_value=
ac_cv_env_build_alias_set=
ac_cv_env_build_alias_value=
ac_cv_env_host_alias_set=
ac_cv_env_host_alias_value=
ac_cv_env_target_alias_set=
ac_cv_env_target_alias_value=
ac_cv_header_dlfcn_h=yes
ac_cv_header_inttypes_h=yes
ac_cv_header_memory_h=yes
ac_cv_header_stdc=yes
ac_cv_header_stdint_h=yes
ac_cv_header_stdlib_h=yes
ac_cv_header_string_h=yes
ac_cv_header_strings_h=yes
ac_cv_header_sys_stat_h=yes
ac_cv_header_sys_types_h=yes
ac_cv_header_unistd_h=yes
ac_cv_host=x86_64-unknown-linux-gnu
ac_cv_objext=o
ac_cv_path_EGREP='/bin/grep -E'
ac_cv_path_FGREP='/bin/grep -F'
ac_cv_path_GREP=/bin/grep
ac_cv_path_PYTHON=/usr/bin/python
ac_cv_path_SED=/bin/sed
ac_cv_path_install='/usr/bin/install -c'
ac_cv_path_lt_DD=/bin/dd
ac_cv_path_mkdir=/bin/mkdir
ac_cv_prog_AWK=mawk
ac_cv_prog_CPP='gcc -E'
ac_cv_prog_CXXCPP='g++ -std=c++11 -E'
ac_cv_prog_ac_ct_AR=ar
ac_cv_prog_ac_ct_CC=gcc
ac_cv_prog_ac_ct_CXX=g++
ac_cv_prog_ac_ct_MANIFEST_TOOL=mt
ac_cv_prog_ac_ct_OBJDUMP=objdump
ac_cv_prog_ac_ct_RANLIB=ranlib
ac_cv_prog_ac_ct_STRIP=strip
ac_cv_prog_cc_c89=
ac_cv_prog_cc_g=yes
ac_cv_prog_cxx_g=yes
ac_cv_prog_make_make_set=yes
am_cv_CC_dependencies_compiler_type=gcc3
am_cv_CXX_dependencies_compiler_type=gcc3
am_cv_make_support_nested_variables=yes
am_cv_prog_cc_c_o=yes
am_cv_python_platform=linux2
am_cv_python_pyexecdir='${exec_prefix}/lib/python2.7/dist-packages'
am_cv_python_pythondir='${prefix}/lib/python2.7/dist-packages'
am_cv_python_version=2.7
ax_cv_cxx_compile_cxx11=no
ax_cv_cxx_compile_cxx11__std_cpp11=yes
lt_cv_ar_at_file=@
lt_cv_archive_cmds_need_lc=no
lt_cv_deplibs_check_method=pass_all
lt_cv_file_magic_cmd='$MAGIC_CMD'
lt_cv_file_magic_test_file=
lt_cv_ld_reload_flag=-r
lt_cv_nm_interface='BSD nm'
lt_cv_objdir=.libs
lt_cv_path_LD=/usr/bin/ld
lt_cv_path_LDCXX='/usr/bin/ld -m elf_x86_64'
lt_cv_path_NM='/usr/bin/nm -B'
lt_cv_path_mainfest_tool=no
lt_cv_prog_compiler_c_o=yes
lt_cv_prog_compiler_c_o_CXX=yes
lt_cv_prog_compiler_pic='-fPIC -DPIC'
lt_cv_prog_compiler_pic_CXX='-fPIC -DPIC'
lt_cv_prog_compiler_pic_works=yes
lt_cv_prog_compiler_pic_works_CXX=yes
lt_cv_prog_compiler_rtti_exceptions=no
lt_cv_prog_compiler_static_works=yes
lt_cv_prog_compiler_static_works_CXX=yes
lt_cv_prog_gnu_ld=yes
lt_cv_prog_gnu_ldcxx=yes
lt_cv_sharedlib_from_linklib_cmd='printf %s\n'
lt_cv_shlibpath_overrides_runpath=no
lt_cv_sys_global_symbol_pipe='sed -n -e '\''s/^.*[	 ]\([ABCDGIRSTW][ABCDGIRSTW]*\)[	 ][	 ]*\([_A-Za-z][_A-Za-z0-9]*\)$/\1 \2 \2/p'\'' | sed '\''/ __gnu_lto/d'\'''
lt_cv_sys_global_symbol_to_c_name_address='sed -n -e '\''s/^: \(.*\) .*$/  {"\1", (void *) 0},/p'\'' -e '\''s/^[ABCDGIRSTW][ABCDGIRSTW]* .* \(.*\)$/  {"\1", (void *) \&\1},/p'\'''
lt_cv_sys_global_symbol_to_c_name_address_lib_prefix='sed -n -e '\''s/^: \(.*\) .*$/  {"\1", (void *) 0},/p'\'' -e '\''s/^[ABCDGIRSTW][ABCDGIRSTW]* .* \(lib.*\)$/  {"\1", (void *) \&\1},/p'\'' -e '\''s/^[ABCDGIRSTW][ABCDGIRSTW]* .* \(.*\)$/  {"lib\1", (void *) \&\1},/p'\'''
lt_cv_sys_global_symbol_to_cdecl='sed -n -e '\''s/^T .* \(.*\)$/extern int \1();/p'\'' -e '\''s/^[ABCDGIRSTW][ABCDGIRSTW]* .* \(.*\)$/extern char \1;/p'\'''
lt_cv_sys_global_symbol_to_import=
lt_cv_sys_max_cmd_len=1572864
lt_cv_to_host_file_cmd=func_convert_file_noop
lt_cv_to_tool_file_cmd=func_convert_file_noop
lt_cv_truncate_bin='/bin/dd bs=4096 count=1'
py_cv_cython=no

## ----------------- ##
## Output variables. ##
## ----------------- ##

ACLOCAL='${SHELL} /home/andrew/Delta_Evo/code/LHAPDF-6.2.1/config/missing aclocal-1.15'
AMDEPBACKSLASH='\'
AMDEP_FALSE='#'
AMDEP_TRUE=''
AMTAR='$${TAR-tar}'
AM_BACKSLASH='\'
AM_CPPFLAGS=''
AM_CXXFLAGS=' -pedantic  -Wall  -Wno-long-long '
AM_DEFAULT_V='$(AM_DEFAULT_VERBOSITY)'
AM_DEFAULT_VERBOSITY='0'
AM_LDFLAGS=''
AM_V='$(V)'
AR='ar'
AUTOCONF='${SHELL} /home/andrew/Delta_Evo/code/LHAPDF-6.2.1/config/missing autoconf'
AUTOHEADER='${SHELL} /home/andrew/Delta_Evo/code/LHAPDF-6.2.1/config/missing autoheader'
AUTOMAKE='${SHELL} /home/andrew/Delta_Evo/code/LHAPDF-6.2.1/config/missing automake-1.15'
AWK='mawk'
CC='gcc'
CCDEPMODE='depmode=gcc3'
CFLAGS='-g -O2'
CPP='gcc -E'
CPPFLAGS=''
CXX='g++ -std=c++11'
CXXCPP='g++ -std=c++11 -E'
CXXDEPMODE='depmode=gcc3'
CXXFLAGS='-O3'
CYGPATH_W='echo'
DEFS='-DHAVE_CONFIG_H'
DEPDIR='.deps'
DLLTOOL='false'
DOXYGEN=''
DSYMUTIL=''
DUMPBIN=''
ECHO_C=''
ECHO_N='-n'
ECHO_T=''
EGREP='/bin/grep -E'
ENABLE_LHAGLUE_CXX_FALSE='#'
ENABLE_LHAGLUE_CXX_TRUE=''
ENABLE_LHAGLUE_FALSE='#'
ENABLE_LHAGLUE_TRUE=''
EXEEXT=''
FGREP='/bin/grep -F'
GREP='/bin/grep'
HAVE_CXX11='1'
INSTALL_DATA='${INSTALL} -m 644'
INSTALL_PROGRAM='${INSTALL}'
INSTALL_SCRIPT='${INSTALL}'
INSTALL_STRIP_PROGRAM='$(install_sh) -c -s'
LD='/usr/bin/ld -m elf_x86_64'
LDFLAGS=''
LHAPDF_CXX='g++ -std=c++11'
LHAPDF_CXXFLAGS='-O3'
LIBOBJS=''
LIBS=''
LIBTOOL='$(SHELL) $(top_builddir)/libtool'
LIPO=''
LN_S='ln -s'
LTLIBOBJS=''
LT_SYS_LIBRARY_PATH=''
MAKEINFO='${SHELL} /home/andrew/Delta_Evo/code/LHAPDF-6.2.1/config/missing makeinfo'
MANIFEST_TOOL=':'
MKDIR_P='/bin/mkdir -p'
NM='/usr/bin/nm -B'
NMEDIT=''
OBJDUMP='objdump'
OBJEXT='o'
OTOOL64=''
OTOOL=''
PACKAGE='LHAPDF'
PACKAGE_BUGREPORT='lhapdf@projects.hepforge.org'
PACKAGE_NAME='LHAPDF'
PACKAGE_STRING='LHAPDF 6.2.1'
PACKAGE_TARNAME='LHAPDF'
PACKAGE_URL=''
PACKAGE_VERSION='6.2.1'
PATH_SEPARATOR=':'
PDFLATEX=''
PYTHON='/usr/bin/python'
PYTHON_EXEC_PREFIX='${exec_prefix}'
PYTHON_PATH='NONE/lib/python2.7/site-packages'
PYTHON_PLATFORM='linux2'
PYTHON_PREFIX='${prefix}'
PYTHON_VERSION='2.7'
RANLIB='ranlib'
SED='/bin/sed'
SET_MAKE=''
SHELL='/bin/bash'
STRIP='strip'
SWVERS=''
VERSION='6.2.1'
WITH_CYTHON_FALSE=''
WITH_CYTHON_TRUE='#'
WITH_DOXYGEN_FALSE=''
WITH_DOXYGEN_TRUE='#'
WITH_OSX_FALSE=''
WITH_OSX_TRUE='#'
WITH_PDFLATEX_FALSE=''
WITH_PDFLATEX_TRUE='#'
WITH_PYTHON_FALSE='#'
WITH_PYTHON_TRUE=''
ac_ct_AR='ar'
ac_ct_CC='gcc'
ac_ct_CXX='g++'
ac_ct_DUMPBIN=''
am__EXEEXT_FALSE=''
am__EXEEXT_TRUE='#'
am__fastdepCC_FALSE='#'
am__fastdepCC_TRUE=''
am__fastdepCXX_FALSE='#'
am__fastdepCXX_TRUE=''
am__include='include'
am__isrc=''
am__leading_dot='.'
am__nodep='_no'
am__quote=''
am__tar='$${TAR-tar} chof - "$$tardir"'
am__untar='$${TAR-tar} xf -'
bindir='${exec_prefix}/bin'
build='x86_64-unknown-linux-gnu'
build_alias=''
build_cpu='x86_64'
build_os='linux-gnu'
build_vendor='unknown'
datadir='${datarootdir}'
datarootdir='${prefix}/share'
docdir='${datarootdir}/doc/${PACKAGE_TARNAME}'
dvidir='${docdir}'
exec_prefix='${prefix}'
host='x86_64-unknown-linux-gnu'
host_alias=''
host_cpu='x86_64'
host_os='linux-gnu'
host_vendor='unknown'
htmldir='${docdir}'
includedir='${prefix}/include'
infodir='${datarootdir}/info'
install_sh='${SHELL} /home/andrew/Delta_Evo/code/LHAPDF-6.2.1/config/install-sh'
libdir='${exec_prefix}/lib'
libexecdir='${exec_prefix}/libexec'
localedir='${datarootdir}/locale'
localstatedir='${prefix}/var'
mandir='${datarootdir}/man'
mkdir_p='$(MKDIR_P)'
oldincludedir='/usr/include'
pdfdir='${docdir}'
pkgpyexecdir='${pyexecdir}/LHAPDF'
pkgpythondir='${pythondir}/LHAPDF'
prefix='/usr/local'
program_transform_name='s,x,x,'
psdir='${docdir}'
pyexecdir='${exec_prefix}/lib/python2.7/dist-packages'
pythondir='${prefix}/lib/python2.7/dist-packages'
runstatedir='${localstatedir}/run'
sbindir='${exec_prefix}/sbin'
sharedstatedir='${prefix}/com'
sysconfdir='${prefix}/etc'
target_alias=''

## ----------- ##
## confdefs.h. ##
## ----------- ##

/* confdefs.h */
#define PACKAGE_NAME "LHAPDF"
#define PACKAGE_TARNAME "LHAPDF"
#define PACKAGE_VERSION "6.2.1"
#define PACKAGE_STRING "LHAPDF 6.2.1"
#define PACKAGE_BUGREPORT "lhapdf@projects.hepforge.org"
#define PACKAGE_URL ""
#define PACKAGE "LHAPDF"
#define VERSION "6.2.1"
#define LHAPDF_VERSION "6.2.1"
#define LHAPDF_VERSION_CODE 60201
#define HAVE_CXX11 1
#define STDC_HEADERS 1
#define HAVE_SYS_TYPES_H 1
#define HAVE_SYS_STAT_H 1
#define HAVE_STDLIB_H 1
#define HAVE_STRING_H 1
#define HAVE_MEMORY_H 1
#define HAVE_STRINGS_H 1
#define HAVE_INTTYPES_H 1
#define HAVE_STDINT_H 1
#define HAVE_UNISTD_H 1
#define HAVE_DLFCN_H 1
#define LT_OBJDIR ".libs/"
#define LHAPDF_PDFLIB 1
#define LHAPDF_LHA5CXX 1

configure: exit 0

## ---------------------- ##
## Running config.status. ##
## ---------------------- ##

This file was extended by LHAPDF config.status 6.2.1, which was
generated by GNU Autoconf 2.69.  Invocation command line was

  CONFIG_FILES    = 
  CONFIG_HEADERS  = 
  CONFIG_LINKS    = 
  CONFIG_COMMANDS = 
  $ ./config.status 

on Rath-PC

config.status:1201: creating Makefile
config.status:1201: creating src/Makefile
config.status:1201: creating src/yamlcpp/Makefile
config.status:1201: creating include/Makefile
config.status:1201: creating include/LHAPDF/Makefile
config.status:1201: creating bin/Makefile
config.status:1201: creating bin/lhapdf
config.status:1201: creating bin/lhapdf-config
config.status:1201: creating examples/Makefile
config.status:1201: creating tests/Makefile
config.status:1201: creating doc/Makefile
config.status:1201: creating doc/Doxyfile
config.status:1201: creating lhapdf.pc
config.status:1201: creating wrappers/Makefile
config.status:1201: creating wrappers/python/Makefile
config.status:1201: creating wrappers/python/setup.py
config.status:1201: creating config/config.h
config.status:1382: config/config.h is unchanged
config.status:1201: creating include/LHAPDF/Version.h
config.status:1382: include/LHAPDF/Version.h is unchanged
config.status:1430: executing depfiles commands
config.status:1430: executing libtool commands
